<?xml version="1.0" encoding="UTF-8"?>
<!-- Generated by org.testng.reporters.JUnitReportReporter -->
<testsuite hostname="DESKTOP-S3TPAG9" failures="0" tests="2" name="Test_01_GET" time="3.019" errors="0" timestamp="2021-10-10T18:46:51 PDT" skipped="0">
  <testcase classname="Test_01_GET" name="test_01" time="2.068"/>
  <system-out/>
  <testcase classname="Test_01_GET" name="test_02" time="0.951"/>
  <system-out/>
</testsuite> <!-- Test_01_GET -->
