<?xml version="1.0" encoding="UTF-8"?>
<!-- Generated by org.testng.reporters.JUnitReportReporter -->
<testsuite hostname="DESKTOP-S3TPAG9" failures="0" tests="3" name="Test_01_ACOD_GET" time="3.399" errors="0" timestamp="2021-10-18T15:36:12 PDT" skipped="0">
  <testcase classname="Test_01_ACOD_GET" name="test_ACOD_GET_01" time="2.407"/>
  <system-out/>
  <testcase classname="Test_01_ACOD_GET" name="test_ACOD_GET_02" time="0.472"/>
  <system-out/>
  <testcase classname="Test_01_ACOD_GET" name="test_ACOD_GET_03" time="0.520"/>
  <system-out/>
</testsuite> <!-- Test_01_ACOD_GET -->
